接收日志信息，日志记录时间:2019-03-02 21:40:36
接收的格式为text
发送者：ozUZw5gy0toXKJj_ZJx-XwikJ7U8
=================================
<xml><ToUserName><![CDATA[gh_6c7b1295f3f3]]></ToUserName>
<FromUserName><![CDATA[ozUZw5gy0toXKJj_ZJx-XwikJ7U8]]></FromUserName>
<CreateTime>1551534036</CreateTime>
<MsgType><![CDATA[text]]></MsgType>
<Content><![CDATA[，]]></Content>
<MsgId>22212627606897927</MsgId>
</xml>
=================================
发送日志信息，日志记录时间:2019-03-02 21:40:36
发送的格式为text
发送者：ozUZw5gy0toXKJj_ZJx-XwikJ7U8
=================================
<xml>
	<ToUserName><![CDATA[ozUZw5gy0toXKJj_ZJx-XwikJ7U8]]></ToUserName>
	<FromUserName><![CDATA[gh_6c7b1295f3f3]]></FromUserName>
	<CreateTime>1551534036</CreateTime>
	<MsgType><![CDATA[text]]></MsgType>
	<Content><![CDATA[这是文本]]></Content>
	<MsgId>1234567890123456</MsgId>
	</xml>
=================================
接收日志信息，日志记录时间:2019-03-02 21:50:24
接收的格式为text
发送者：ozUZw5gy0toXKJj_ZJx-XwikJ7U8
=================================
<xml><ToUserName><![CDATA[gh_6c7b1295f3f3]]></ToUserName>
<FromUserName><![CDATA[ozUZw5gy0toXKJj_ZJx-XwikJ7U8]]></FromUserName>
<CreateTime>1551534624</CreateTime>
<MsgType><![CDATA[text]]></MsgType>
<Content><![CDATA[，]]></Content>
<MsgId>22212638065737978</MsgId>
</xml>
=================================
接收日志信息，日志记录时间:2019-03-02 21:50:55
接收的格式为text
发送者：ozUZw5gy0toXKJj_ZJx-XwikJ7U8
=================================
<xml><ToUserName><![CDATA[gh_6c7b1295f3f3]]></ToUserName>
<FromUserName><![CDATA[ozUZw5gy0toXKJj_ZJx-XwikJ7U8]]></FromUserName>
<CreateTime>1551534656</CreateTime>
<MsgType><![CDATA[text]]></MsgType>
<Content><![CDATA[，]]></Content>
<MsgId>22212637820945419</MsgId>
</xml>
=================================
接收日志信息，日志记录时间:2019-03-02 21:52:42
接收的格式为text
发送者：ozUZw5gy0toXKJj_ZJx-XwikJ7U8
=================================
<xml><ToUserName><![CDATA[gh_6c7b1295f3f3]]></ToUserName>
<FromUserName><![CDATA[ozUZw5gy0toXKJj_ZJx-XwikJ7U8]]></FromUserName>
<CreateTime>1551534762</CreateTime>
<MsgType><![CDATA[text]]></MsgType>
<Content><![CDATA[。]]></Content>
<MsgId>22212637486067254</MsgId>
</xml>
=================================
发送日志信息，日志记录时间:2019-03-02 21:52:42
发送的格式为text
发送者：ozUZw5gy0toXKJj_ZJx-XwikJ7U8
=================================
<xml>
	<ToUserName><![CDATA[ozUZw5gy0toXKJj_ZJx-XwikJ7U8]]></ToUserName>
	<FromUserName><![CDATA[gh_6c7b1295f3f3]]></FromUserName>
	<CreateTime>1551534762</CreateTime>
	<MsgType><![CDATA[text]]></MsgType>
	<Content><![CDATA[这是文本]]></Content>
	<MsgId>1234567890123456</MsgId>
	</xml>
=================================
接收日志信息，日志记录时间:2019-03-02 21:53:45
接收的格式为text
发送者：ozUZw5gy0toXKJj_ZJx-XwikJ7U8
=================================
<xml><ToUserName><![CDATA[gh_6c7b1295f3f3]]></ToUserName>
<FromUserName><![CDATA[ozUZw5gy0toXKJj_ZJx-XwikJ7U8]]></FromUserName>
<CreateTime>1551534825</CreateTime>
<MsgType><![CDATA[text]]></MsgType>
<Content><![CDATA[，]]></Content>
<MsgId>22212637761398499</MsgId>
</xml>
=================================
发送日志信息，日志记录时间:2019-03-02 21:53:45
发送的格式为text
发送者：ozUZw5gy0toXKJj_ZJx-XwikJ7U8
=================================
<xml>
	<ToUserName><![CDATA[ozUZw5gy0toXKJj_ZJx-XwikJ7U8]]></ToUserName>
	<FromUserName><![CDATA[gh_6c7b1295f3f3]]></FromUserName>
	<CreateTime>1551534825</CreateTime>
	<MsgType><![CDATA[text]]></MsgType>
	<Content><![CDATA[这是文本]]></Content>
	<MsgId>1234567890123456</MsgId>
	</xml>
=================================
接收日志信息，日志记录时间:2019-03-02 21:56:08
接收的格式为text
发送者：ozUZw5gy0toXKJj_ZJx-XwikJ7U8
=================================
<xml><ToUserName><![CDATA[gh_6c7b1295f3f3]]></ToUserName>
<FromUserName><![CDATA[ozUZw5gy0toXKJj_ZJx-XwikJ7U8]]></FromUserName>
<CreateTime>1551534968</CreateTime>
<MsgType><![CDATA[text]]></MsgType>
<Content><![CDATA[，]]></Content>
<MsgId>22212641039187083</MsgId>
</xml>
=================================
发送日志信息，日志记录时间:2019-03-02 21:56:08
发送的格式为text
发送者：ozUZw5gy0toXKJj_ZJx-XwikJ7U8
=================================
<xml>
	<ToUserName><![CDATA[ozUZw5gy0toXKJj_ZJx-XwikJ7U8]]></ToUserName>
	<FromUserName><![CDATA[gh_6c7b1295f3f3]]></FromUserName>
	<CreateTime>1551534968</CreateTime>
	<MsgType><![CDATA[text]]></MsgType>
	<Content><![CDATA[这是文本]]></Content>
	<MsgId>1234567890123456</MsgId>
	</xml>
=================================
接收日志信息，日志记录时间:2019-03-02 21:56:54
接收的格式为text
发送者：ozUZw5gy0toXKJj_ZJx-XwikJ7U8
=================================
<xml><ToUserName><![CDATA[gh_6c7b1295f3f3]]></ToUserName>
<FromUserName><![CDATA[ozUZw5gy0toXKJj_ZJx-XwikJ7U8]]></FromUserName>
<CreateTime>1551535015</CreateTime>
<MsgType><![CDATA[text]]></MsgType>
<Content><![CDATA[，]]></Content>
<MsgId>22212639148582663</MsgId>
</xml>
=================================
发送日志信息，日志记录时间:2019-03-02 21:56:54
发送的格式为text
发送者：ozUZw5gy0toXKJj_ZJx-XwikJ7U8
=================================
<xml>
	<ToUserName><![CDATA[ozUZw5gy0toXKJj_ZJx-XwikJ7U8]]></ToUserName>
	<FromUserName><![CDATA[gh_6c7b1295f3f3]]></FromUserName>
	<CreateTime>1551535014</CreateTime>
	<MsgType><![CDATA[text]]></MsgType>
	<Content><![CDATA[这是文本]]></Content>
	<MsgId>1234567890123456</MsgId>
	</xml>
=================================
接收日志信息，日志记录时间:2019-03-02 21:57:57
接收的格式为event
发送者：ozUZw5oK4vekMz7t_siEdinSvWso
=================================
<xml><ToUserName><![CDATA[gh_6c7b1295f3f3]]></ToUserName>
<FromUserName><![CDATA[ozUZw5oK4vekMz7t_siEdinSvWso]]></FromUserName>
<CreateTime>1551535077</CreateTime>
<MsgType><![CDATA[event]]></MsgType>
<Event><![CDATA[subscribe]]></Event>
<EventKey><![CDATA[]]></EventKey>
</xml>
=================================
接收日志信息，日志记录时间:2019-03-02 21:58:02
接收的格式为text
发送者：ozUZw5oK4vekMz7t_siEdinSvWso
=================================
<xml><ToUserName><![CDATA[gh_6c7b1295f3f3]]></ToUserName>
<FromUserName><![CDATA[ozUZw5oK4vekMz7t_siEdinSvWso]]></FromUserName>
<CreateTime>1551535082</CreateTime>
<MsgType><![CDATA[text]]></MsgType>
<Content><![CDATA[我是你爸爸]]></Content>
<MsgId>22212640316512583</MsgId>
</xml>
=================================
发送日志信息，日志记录时间:2019-03-02 21:58:02
发送的格式为text
发送者：ozUZw5oK4vekMz7t_siEdinSvWso
=================================
<xml>
	<ToUserName><![CDATA[ozUZw5oK4vekMz7t_siEdinSvWso]]></ToUserName>
	<FromUserName><![CDATA[gh_6c7b1295f3f3]]></FromUserName>
	<CreateTime>1551535082</CreateTime>
	<MsgType><![CDATA[text]]></MsgType>
	<Content><![CDATA[这是文本]]></Content>
	<MsgId>1234567890123456</MsgId>
	</xml>
=================================
接收日志信息，日志记录时间:2019-03-03 08:36:14
接收的格式为text
发送者：ozUZw5gy0toXKJj_ZJx-XwikJ7U8
=================================
<xml><ToUserName><![CDATA[gh_6c7b1295f3f3]]></ToUserName>
<FromUserName><![CDATA[ozUZw5gy0toXKJj_ZJx-XwikJ7U8]]></FromUserName>
<CreateTime>1551573374</CreateTime>
<MsgType><![CDATA[text]]></MsgType>
<Content><![CDATA[，]]></Content>
<MsgId>22213192002103512</MsgId>
</xml>
=================================
发送日志信息，日志记录时间:2019-03-03 08:36:14
发送的格式为text
发送者：ozUZw5gy0toXKJj_ZJx-XwikJ7U8
=================================
<xml>
	<ToUserName><![CDATA[ozUZw5gy0toXKJj_ZJx-XwikJ7U8]]></ToUserName>
	<FromUserName><![CDATA[gh_6c7b1295f3f3]]></FromUserName>
	<CreateTime>1551573374</CreateTime>
	<MsgType><![CDATA[text]]></MsgType>
	<Content><![CDATA[这是文本]]></Content>
	<MsgId>1234567890123456</MsgId>
	</xml>
=================================
